<?xml version="1.0" encoding="UTF-8"?>
<!-- Generated by org.testng.reporters.JUnitReportReporter -->
<testsuite hostname="LAPTOP-E0TOFE4O" failures="0" tests="2" name="com.selenium.grid.SeleniumGrid.Main" time="0.048" errors="0" timestamp="2023-05-09T21:26:12 GMT-04:00" skipped="0">
  <testcase classname="com.selenium.grid.SeleniumGrid.Main" name="testCase01" time="0.025"/>
  <system-out/>
  <testcase classname="com.selenium.grid.SeleniumGrid.Main" name="testCase01" time="0.023"/>
  <system-out/>
</testsuite> <!-- com.selenium.grid.SeleniumGrid.Main -->
